<?xml version="1.0" encoding="UTF-8"?>
<testsuite xmlns:xsi="http://www.w3.org/2001/XMLSchema-instance" xsi:noNamespaceSchemaLocation="https://maven.apache.org/surefire/maven-surefire-plugin/xsd/surefire-test-report.xsd" name="com.dibyojyoti.demo.PageCrawlerTest" time="1.27" tests="2" errors="2" skipped="0" failures="0">
  <properties>
[...]
</properties>
  <testcase name="testRun" classname="com.dibyojyoti.demo.PageCrawlerTest" time="1.255">
    <error message="&#10;Document cannot be returned by connect()&#10;connect() should return Connection&#10;***&#10;If you&apos;re unsure why you&apos;re getting above error read on.&#10;Due to the nature of the syntax above problem might occur because:&#10;1. This exception *might* occur in wrongly written multi-threaded tests.&#10;   Please refer to Mockito FAQ on limitations of concurrency testing.&#10;2. A spy is stubbed using when(spy.foo()).then() syntax. It is safer to stub spies - &#10;   - with doReturn|Throw() family of methods. More in javadocs for Mockito.spy() method.&#10;" type="org.mockito.exceptions.misusing.WrongTypeOfReturnValue">org.mockito.exceptions.misusing.WrongTypeOfReturnValue: 

Document cannot be returned by connect()
connect() should return Connection
***
If you're unsure why you're getting above error read on.
Due to the nature of the syntax above problem might occur because:
1. This exception *might* occur in wrongly written multi-threaded tests.
   Please refer to Mockito FAQ on limitations of concurrency testing.
2. A spy is stubbed using when(spy.foo()).then() syntax. It is safer to stub spies - 
   - with doReturn|Throw() family of methods. More in javadocs for Mockito.spy() method.

	at com.dibyojyoti.demo.PageCrawlerTest.testRun(PageCrawlerTest.java:49)
</error>
    <system-err><![CDATA[WARNING: A Java agent has been loaded dynamically (/Users/dibyajyotipradhan/.m2/repository/net/bytebuddy/byte-buddy-agent/1.12.10/byte-buddy-agent-1.12.10.jar)
WARNING: If a serviceability tool is in use, please run with -XX:+EnableDynamicAgentLoading to hide this warning
WARNING: If a serviceability tool is not in use, please run with -Djdk.instrument.traceUsage for more information
WARNING: Dynamic loading of agents will be disallowed by default in a future release
]]></system-err>
  </testcase>
  <testcase name="testRunWithIOException" classname="com.dibyojyoti.demo.PageCrawlerTest" time="0.008">
    <error message="&#10;Checked exception is invalid for this method!&#10;Invalid: java.io.IOException: Failed to connect" type="org.mockito.exceptions.base.MockitoException">org.mockito.exceptions.base.MockitoException: 

Checked exception is invalid for this method!
Invalid: java.io.IOException: Failed to connect
	at com.dibyojyoti.demo.PageCrawlerTest.testRunWithIOException(PageCrawlerTest.java:64)
</error>
  </testcase>
</testsuite>